<?xml version="1.0" encoding="UTF-8"?>
<!-- Generated by org.testng.reporters.JUnitReportReporter -->
<testsuite hostname="DESKTOP-93RQOLS" failures="0" tests="1" name="mouseActions.ClickAndHold" time="15.911" errors="0" timestamp="2024-07-25T11:06:48 IST" skipped="0">
  <testcase classname="mouseActions.ClickAndHold" name="defaults" time="15.911"/>
  <system-out/>
</testsuite> <!-- mouseActions.ClickAndHold -->
