<?xml version="1.0" encoding="UTF-8"?>
<!-- Generated by org.testng.reporters.JUnitReportReporter -->
<testsuite hostname="DESKTOP-93RQOLS" failures="0" tests="1" name="popups.JavaScript" time="17.598" errors="0" timestamp="2024-07-23T17:05:44 IST" skipped="0">
  <testcase classname="popups.JavaScript" name="prompt" time="17.598"/>
  <system-out/>
</testsuite> <!-- popups.JavaScript -->
