<?xml version="1.0" encoding="UTF-8"?>
<!-- Generated by org.testng.reporters.JUnitReportReporter -->
<testsuite hostname="DESKTOP-93RQOLS" failures="0" tests="6" name="Priority" time="0.017" errors="0" timestamp="2024-08-19T14:58:03 IST" skipped="0">
  <testcase classname="Priority" name="a" time="0.009"/>
  <system-out/>
  <testcase classname="Priority" name="e" time="0.001"/>
  <system-out/>
  <testcase classname="Priority" name="ao" time="0.002"/>
  <system-out/>
  <testcase classname="Priority" name="d" time="0.002"/>
  <system-out/>
  <testcase classname="Priority" name="b" time="0.001"/>
  <system-out/>
  <testcase classname="Priority" name="c" time="0.002"/>
  <system-out/>
</testsuite> <!-- Priority -->
