<?xml version="1.0" encoding="UTF-8"?>
<!-- Generated by org.testng.reporters.JUnitReportReporter -->
<testsuite hostname="DESKTOP-93RQOLS" failures="0" tests="1" name="dateTimePicker.DatePicker" time="11.663" errors="0" timestamp="2024-07-24T17:40:07 IST" skipped="0">
  <testcase classname="dateTimePicker.DatePicker" name="simpleDatePicker" time="11.663"/>
  <system-out/>
</testsuite> <!-- dateTimePicker.DatePicker -->
