<?xml version="1.0" encoding="UTF-8"?>
<!-- Generated by org.testng.reporters.JUnitReportReporter -->
<testsuite hostname="DESKTOP-93RQOLS" failures="0" tests="1" name="scroll.Scroll" time="10.661" errors="0" timestamp="2024-07-25T15:08:49 IST" skipped="0">
  <testcase classname="scroll.Scroll" name="withTheFrameHorizontal" time="10.661"/>
  <system-out/>
</testsuite> <!-- scroll.Scroll -->
