<?xml version="1.0" encoding="UTF-8"?>
<!-- Generated by org.testng.reporters.JUnitReportReporter -->
<testsuite hostname="DESKTOP-93RQOLS" failures="0" tests="1" name="webElement.CheckBox" time="13.364" errors="0" timestamp="2024-07-23T15:27:44 IST" skipped="0">
  <testcase classname="webElement.CheckBox" name="selected" time="13.364"/>
  <system-out/>
</testsuite> <!-- webElement.CheckBox -->
