<?xml version="1.0" encoding="UTF-8"?>
<!-- Generated by org.testng.reporters.JUnitReportReporter -->
<testsuite hostname="DESKTOP-93RQOLS" failures="0" tests="1" name="practice.Complete_Row_Data" time="0.961" errors="0" timestamp="2024-08-01T17:08:03 IST" skipped="0">
  <testcase classname="practice.Complete_Row_Data" name="m1" time="0.961"/>
  <system-out/>
</testsuite> <!-- practice.Complete_Row_Data -->
