<?xml version="1.0" encoding="UTF-8"?>
<!-- Generated by org.testng.reporters.JUnitReportReporter -->
<testsuite hostname="DESKTOP-93RQOLS" failures="0" tests="1" name="popups.FileUploads" time="15.002" errors="0" timestamp="2024-07-25T13:32:04 IST" skipped="0">
  <testcase classname="popups.FileUploads" name="defaults" time="15.002"/>
  <system-out/>
</testsuite> <!-- popups.FileUploads -->
