<?xml version="1.0" encoding="UTF-8"?>
<!-- Generated by org.testng.reporters.JUnitReportReporter -->
<testsuite hostname="DESKTOP-93RQOLS" failures="0" tests="1" name="practice.Complete_Row_OR_Cell_Data" time="1.213" errors="0" timestamp="2024-08-06T14:12:49 IST" skipped="0">
  <testcase classname="practice.Complete_Row_OR_Cell_Data" name="m1" time="1.213"/>
  <system-out/>
</testsuite> <!-- practice.Complete_Row_OR_Cell_Data -->
