<?xml version="1.0" encoding="UTF-8"?>
<!-- Generated by org.testng.reporters.JUnitReportReporter -->
<testsuite hostname="DESKTOP-93RQOLS" failures="0" tests="1" name="ninjaHrm.CreateAndVerifyInBackend" time="9.737" errors="0" timestamp="2024-08-20T13:30:30 IST" skipped="0">
  <testcase classname="ninjaHrm.CreateAndVerifyInBackend" name="createAndVerify" time="9.737"/>
  <system-out/>
</testsuite> <!-- ninjaHrm.CreateAndVerifyInBackend -->
