<?xml version="1.0" encoding="UTF-8"?>
<!-- Generated by org.testng.reporters.JUnitReportReporter -->
<testsuite hostname="DESKTOP-93RQOLS" failures="0" tests="1" name="mouseActions.MouseOver" time="18.106" errors="0" timestamp="2024-07-25T11:02:09 IST" skipped="0">
  <testcase classname="mouseActions.MouseOver" name="tab" time="18.106"/>
  <system-out/>
</testsuite> <!-- mouseActions.MouseOver -->
