<?xml version="1.0" encoding="UTF-8"?>
<!-- Generated by org.testng.reporters.JUnitReportReporter -->
<testsuite hostname="DESKTOP-93RQOLS" failures="0" tests="1" name="shadowRootElement.ShadowRootElements" time="15.670" errors="0" timestamp="2024-07-25T12:24:30 IST" skipped="0">
  <testcase classname="shadowRootElement.ShadowRootElements" name="openShadowRoot" time="15.670"/>
  <system-out/>
</testsuite> <!-- shadowRootElement.ShadowRootElements -->
