<?xml version="1.0" encoding="UTF-8"?>
<!-- Generated by org.testng.reporters.JUnitReportReporter -->
<testsuite hostname="DESKTOP-93RQOLS" failures="0" tests="1" name="dateTimePicker.TimePicker" time="11.973" errors="0" timestamp="2024-07-24T15:29:56 IST" skipped="0">
  <testcase classname="dateTimePicker.TimePicker" name="defaults" time="11.973"/>
  <system-out/>
</testsuite> <!-- dateTimePicker.TimePicker -->
