<?xml version="1.0" encoding="UTF-8"?>
<!-- Generated by org.testng.reporters.JUnitReportReporter -->
<testsuite hostname="DESKTOP-93RQOLS" failures="0" tests="1" name="popups.Downloads" time="12.237" errors="0" timestamp="2024-07-23T17:59:38 IST" skipped="0">
  <testcase classname="popups.Downloads" name="defaults" time="12.237"/>
  <system-out/>
</testsuite> <!-- popups.Downloads -->
