<?xml version="1.0" encoding="UTF-8"?>
<!-- Generated by org.testng.reporters.JUnitReportReporter -->
<testsuite hostname="DESKTOP-93RQOLS" failures="0" tests="1" name="practice.SSL_popoup" time="9.750" errors="0" timestamp="2024-07-29T16:23:25 IST" skipped="0">
  <testcase classname="practice.SSL_popoup" name="ssl" time="9.750"/>
  <system-out/>
</testsuite> <!-- practice.SSL_popoup -->
