<?xml version="1.0" encoding="UTF-8"?>
<!-- Generated by org.testng.reporters.JUnitReportReporter -->
<testsuite hostname="DESKTOP-93RQOLS" failures="0" tests="1" name="practice.Pdt_Price_s" time="24.250" errors="0" timestamp="2024-08-07T10:25:13 IST" skipped="0">
  <testcase classname="practice.Pdt_Price_s" name="m1" time="24.250"/>
  <system-out/>
</testsuite> <!-- practice.Pdt_Price_s -->
