<?xml version="1.0" encoding="UTF-8"?>
<!-- Generated by org.testng.reporters.JUnitReportReporter -->
<testsuite hostname="DESKTOP-93RQOLS" failures="0" tests="1" name="Amazon_DropDown_CheckBox" time="30.227" errors="0" timestamp="2024-08-29T17:25:08 IST" skipped="0">
  <testcase classname="Amazon_DropDown_CheckBox" name="m1" time="30.227"/>
  <system-out/>
</testsuite> <!-- Amazon_DropDown_CheckBox -->
