<?xml version="1.0" encoding="UTF-8"?>
<!-- Generated by org.testng.reporters.JUnitReportReporter -->
<testsuite hostname="DESKTOP-93RQOLS" failures="0" tests="1" name="mouseActions.DragAndDrop" time="15.214" errors="0" timestamp="2024-07-25T16:58:49 IST" skipped="0">
  <testcase classname="mouseActions.DragAndDrop" name="dragPosition" time="15.214"/>
  <system-out/>
</testsuite> <!-- mouseActions.DragAndDrop -->
