<?xml version="1.0" encoding="UTF-8"?>
<!-- Generated by org.testng.reporters.JUnitReportReporter -->
<testsuite hostname="DESKTOP-93RQOLS" failures="0" tests="1" name="practice.Pdt_Price" time="20.979" errors="0" timestamp="2024-08-06T18:12:20 IST" skipped="0">
  <testcase classname="practice.Pdt_Price" name="m1" time="20.979"/>
  <system-out/>
</testsuite> <!-- practice.Pdt_Price -->
