<?xml version="1.0" encoding="UTF-8"?>
<!-- Generated by org.testng.reporters.JUnitReportReporter -->
<testsuite hostname="DESKTOP-93RQOLS" failures="0" tests="1" name="webElement.WebTable" time="23.928" errors="0" timestamp="2024-07-29T16:06:57 IST" skipped="0">
  <testcase classname="webElement.WebTable" name="dynamicWebTable" time="23.928"/>
  <system-out/>
</testsuite> <!-- webElement.WebTable -->
