<?xml version="1.0" encoding="UTF-8"?>
<!-- Generated by org.testng.reporters.JUnitReportReporter -->
<testsuite hostname="DESKTOP-93RQOLS" failures="0" tests="1" name="webElement.TextBox" time="16.192" errors="0" timestamp="2024-07-23T10:37:44 IST" skipped="0">
  <testcase classname="webElement.TextBox" name="withPlaceHolder" time="16.192"/>
  <system-out/>
</testsuite> <!-- webElement.TextBox -->
