<?xml version="1.0" encoding="UTF-8"?>
<!-- Generated by org.testng.reporters.JUnitReportReporter -->
<testsuite hostname="DESKTOP-93RQOLS" failures="0" tests="1" name="practice.Calendar" time="0.063" errors="0" timestamp="2024-08-05T16:16:06 IST" skipped="0">
  <testcase classname="practice.Calendar" name="rDate" time="0.063"/>
  <system-out/>
</testsuite> <!-- practice.Calendar -->
