<?xml version="1.0" encoding="UTF-8"?>
<!-- Generated by org.testng.reporters.JUnitReportReporter -->
<testsuite hostname="DESKTOP-93RQOLS" failures="0" tests="1" name="webElement.Slider" time="11.445" errors="0" timestamp="2024-07-23T16:45:11 IST" skipped="0">
  <testcase classname="webElement.Slider" name="defaults" time="11.445"/>
  <system-out/>
</testsuite> <!-- webElement.Slider -->
