<?xml version="1.0" encoding="UTF-8"?>
<!-- Generated by org.testng.reporters.JUnitReportReporter -->
<testsuite hostname="DESKTOP-93RQOLS" failures="0" tests="1" name="synchronization.PageLoading" time="10.971" errors="0" timestamp="2024-07-24T17:02:49 IST" skipped="0">
  <testcase classname="synchronization.PageLoading" name="defaults" time="10.971"/>
  <system-out/>
</testsuite> <!-- synchronization.PageLoading -->
