<?xml version="1.0" encoding="UTF-8"?>
<!-- Generated by org.testng.reporters.JUnitReportReporter -->
<testsuite hostname="DESKTOP-93RQOLS" failures="0" tests="1" name="popups.Authentication" time="21.864" errors="0" timestamp="2024-07-25T12:06:58 IST" skipped="0">
  <testcase classname="popups.Authentication" name="defauls" time="21.864"/>
  <system-out/>
</testsuite> <!-- popups.Authentication -->
