<?xml version="1.0" encoding="UTF-8"?>
<!-- Generated by org.testng.reporters.JUnitReportReporter -->
<testsuite hostname="DESKTOP-93RQOLS" failures="0" tests="1" name="keyboardActions.KeyBoards" time="18.931" errors="0" timestamp="2024-07-25T12:01:24 IST" skipped="0">
  <testcase classname="keyboardActions.KeyBoards" name="defaults" time="18.931"/>
  <system-out/>
</testsuite> <!-- keyboardActions.KeyBoards -->
