<?xml version="1.0" encoding="UTF-8"?>
<!-- Generated by org.testng.reporters.JUnitReportReporter -->
<testsuite hostname="DESKTOP-93RQOLS" failures="0" tests="1" name="chromeOptions.SSL_Popup" time="17.002" errors="0" timestamp="2024-08-01T10:18:58 IST" skipped="0">
  <testcase classname="chromeOptions.SSL_Popup" name="ssl" time="17.002"/>
  <system-out/>
</testsuite> <!-- chromeOptions.SSL_Popup -->
