<?xml version="1.0" encoding="UTF-8"?>
<!-- Generated by org.testng.reporters.JUnitReportReporter -->
<testsuite hostname="DESKTOP-93RQOLS" failures="0" tests="1" name="synchronization.ProgressBar" time="10.783" errors="0" timestamp="2024-07-24T17:08:42 IST" skipped="0">
  <testcase classname="synchronization.ProgressBar" name="defaults" time="10.783"/>
  <system-out/>
</testsuite> <!-- synchronization.ProgressBar -->
