<?xml version="1.0" encoding="UTF-8"?>
<!-- Generated by org.testng.reporters.JUnitReportReporter -->
<testsuite hostname="DESKTOP-93RQOLS" failures="0" tests="1" name="popups.HiddenDivison" time="11.319" errors="0" timestamp="2024-07-23T18:07:41 IST" skipped="0">
  <testcase classname="popups.HiddenDivison" name="defaults" time="11.319"/>
  <system-out/>
</testsuite> <!-- popups.HiddenDivison -->
