<?xml version="1.0" encoding="UTF-8"?>
<!-- Generated by org.testng.reporters.JUnitReportReporter -->
<testsuite hostname="DESKTOP-93RQOLS" failures="0" tests="1" name="practice.Data_Driven" time="1.052" errors="0" timestamp="2024-08-02T11:54:36 IST" skipped="0">
  <testcase classname="practice.Data_Driven" name="m1" time="1.052"/>
  <system-out/>
</testsuite> <!-- practice.Data_Driven -->
