<?xml version="1.0" encoding="UTF-8"?>
<!-- Generated by org.testng.reporters.JUnitReportReporter -->
<testsuite hostname="DESKTOP-93RQOLS" failures="0" tests="1" name="popups.BrowseWindow" time="12.057" errors="0" timestamp="2024-07-23T17:18:39 IST" skipped="0">
  <testcase classname="popups.BrowseWindow" name="newTab" time="12.057"/>
  <system-out/>
</testsuite> <!-- popups.BrowseWindow -->
